INFO:sim:172 - Generating IP...
Resolving generics for 'cmtmod'...
Applying external generics to 'cmtmod'...
Delivering associated files for 'cmtmod'...
WARNING:sim - Component clk_wiz_v3_6 does not have a valid model name for
   Verilog synthesis
Delivering EJava files for 'cmtmod'...
Delivered 3 files into directory E:/6th Semester/VLSI
Lab/CEP/CEP/ipcore_dir/tmp/_cg/cmtmod
Delivered 1 file into directory E:/6th Semester/VLSI
Lab/CEP/CEP/ipcore_dir/tmp/_cg/cmtmod
Generating ASY schematic symbol...
Loading device for application Rf_Device from file '7a100t.nph' in environment
E:\Xilinx\14.7\ISE_DS\ISE\.
INFO:sim:949 - Finished generation of ASY schematic symbol.
Generating SYM schematic symbol for 'cmtmod'...
Generating ISE project...
XCO file found: cmtmod.xco
XMDF file found: cmtmod_xmdf.tcl
Adding E:/6th Semester/VLSI Lab/CEP/CEP/ipcore_dir/tmp/_cg/cmtmod.asy -view all
-origin_type imported
Adding E:/6th Semester/VLSI Lab/CEP/CEP/ipcore_dir/tmp/_cg/cmtmod.ucf -view all
-origin_type created
Adding E:/6th Semester/VLSI Lab/CEP/CEP/ipcore_dir/tmp/_cg/cmtmod.v -view all
-origin_type created
INFO:HDLCompiler:1845 - Analyzing Verilog file "E:/6th Semester/VLSI
   Lab/CEP/CEP/ipcore_dir/tmp/_cg/cmtmod.v" into library work
INFO:ProjectMgmt - Parsing design hierarchy completed successfully.
Adding E:/6th Semester/VLSI Lab/CEP/CEP/ipcore_dir/tmp/_cg/cmtmod.veo -view all
-origin_type imported
INFO:TclTasksC:2116 - The automatic calculation of top has been turned-off.
   Please set the new top explicitly by running the "project set top" command.
   To re-calculate the new top automatically, set the "Auto Implementation Top"
   property to true.
Top level has been set to "/cmtmod"
Generating README file...
Generating FLIST file...
INFO:sim:948 - Finished FLIST file generation.
Launching README viewer...
Moving files to output directory...
Finished moving files to output directory
Wrote CGP file for project 'cmtmod'.
